Connecting to database specified by database.yml
Connecting to database specified by database.yml
Connecting to database specified by database.yml
  [1m[36m (19.6ms)[0m  [1mSELECT `schema_migrations`.`version` FROM `schema_migrations` [0m
Migrating to DeviseCreateUsers (20110816062139)
Migrating to CreateSponsors (20110816104007)
Migrating to AddAttachmentAdToSponsor (20110816104134)
Migrating to AddHeaderPositionToSponsors (20110816104442)
Migrating to AddTopAdToSponsors (20110816105239)
Migrating to CreateImpressionsTable (20110817212412)
Migrating to CreateComments (20110818134237)
Migrating to AddAttachmentIconToUser (20110819085728)
Migrating to AddUsernameToUsers (20110819090018)
Migrating to CreatePictures (20110821084804)
Migrating to AddAttachmentPhotoToPicture (20110821085213)
Migrating to CreateTags (20110828152427)
Migrating to CreateTaggings (20110828152614)
Migrating to AddAdminToUsers (20110829075750)
Migrating to AddAboutToUsers (20110830125407)
Migrating to CreateAuthentications (20110904090827)
Migrating to AddRpxToUsers (20110920204116)
Migrating to CreateIdentities (20110921093302)
Migrating to CreateSongs (20111020120150)
Migrating to AddAttachmentMp3ToSong (20111021162131)
Migrating to AddNameToSongs (20111021170925)
Migrating to AddAttachmentArtToSong (20111021201644)
Migrating to AddAlbumToSongs (20111022055858)
Migrating to AddDurationToSongs (20111022062312)
Migrating to AddUserIdToPictures (20111024051136)
Migrating to CreateVideos (20111024063801)
Migrating to CreateEvents (20111024075226)
Migrating to AddAttachmentEventToEvent (20111024075647)
Migrating to AddPlayCountToSongs (20111024200859)
Migrating to AddAttachmentShotToVideo (20111026072733)
Migrating to AddDeurationToVideos (20111026073145)
Migrating to AddSongIdToPictures (20111104062551)
Migrating to AddSongDetailsToSongs (20111107172153)
Migrating to AddAttachmentEveToEvent (20111111115619)
Migrating to AddSongsCountToUsers (20111111122832)
Migrating to CreateFeaturedSongs (20111115012801)
Migrating to CreateFeaturedUsers (20111115075652)
Migrating to AddAttachmentImageToFeaturedUser (20111115081421)
Migrating to CreateMessages (20111124080409)
Migrating to AddNameAndEmailToComments (20111127050628)
Migrating to AddCommentsCountToSongs (20111127055106)
Migrating to AddVideosCountsToUsers (20111129093432)
Migrating to UpdateUsersPermalink (20111215013851)
Migrating to CreateFriendships (20111231080109)
Migrating to AddArtistToUsers (20111231082246)
Migrating to CreateNotes (20120101095606)
Migrating to AddNotesCountToUsers (20120102121830)
Migrating to AddAllowCommentsToNotes (20120102125854)
Migrating to AddPicturesCountToUsers (20120116083310)
Migrating to AddApprovedToSongs (20120119104057)
Migrating to AddYesCountToSongs (20120119105236)
Migrating to CreateReplies (20120119105925)
Migrating to AddSenderToMessages (20120119205756)
Migrating to CreateMakeFlaggableTables (20120126054834)
Migrating to CreateFavourites (20120126070309)
Migrating to AddAvatarProessingToUsers (20120128082045)
Migrating to AddMp3ProessingToSongs (20120128082254)
Migrating to CreateActivities (20120130105350)
Migrating to CreateFeeds (20120130105825)
Migrating to CreateStories (20120202232412)
Migrating to CreateCategories (20120202232525)
Migrating to AddAttachmentClipToStory (20120202233117)
Migrating to AddCategoryIdToStories (20120202233610)
Migrating to CreateCkeditorAssets (20120203201353)
Migrating to AddUserIdToStories (20120203220727)
Migrating to AddCommentsCountToStories (20120204145643)
Migrating to AddWritterToUsers (20120210080803)
Migrating to AddCommentsCountToUsers (20120212150154)
Migrating to AddForSaleToSongs (20120327170628)
Migrating to AddPremiumUserToUsers (20120327171249)
Migrating to CreateAlbums (20120331022503)
Migrating to AddAttachmentAlbumArtToAlbums (20120331022733)
Migrating to AddApprovedToAlbums (20120407164743)
Migrating to AddAttachmentFileToAlbum (20120407170311)
Migrating to AddUserIdToAlbums (20120407180814)
Migrating to AddPriceToSongs (20120409014446)
Migrating to AddReleasedDateToAlbums (20120411140219)
Migrating to AddCommentsCountToAlbums (20120411143959)
Migrating to AddDownloadCountToAlbums (20120412110951)
Migrating to ChangeColumnPriceToPrice (20120412120623)
Migrating to AddPublicToEvents (20120412120624)
Migrating to AddCommentsCountToEvents (20120412120625)
Migrating to CreateRates (20120625125117)
Migrating to CreateFlags (20120629075303)
Migrating to AddFavouritesCountToUsers (20120630223759)
Migrating to AddCommentsCountToVideo (20120705133636)
Migrating to CreatePlans (20121008232707)
Migrating to CreateDownloads (20121010122804)
Migrating to AddDownloadsCountToSongs (20121011085547)
Migrating to CreateTrends (20121012091650)
Migrating to AddTrendsCountToSongs (20121012093737)
Migrating to CreateDelayedJobs (20121012104046)
Migrating to AddPermalinkToSongsAndVideos (20121012114139)
Migrating to CreatePermalink (20121012114425)
Migrating to CreatePaymentAddresses (20121013095408)
Migrating to AddRatingAverageToSongs (20121014095003)
Migrating to AddImageToUser (20121025201631)
Migrating to CreateWithdrawalRequests (20121027213520)
Migrating to CreateGenres (20121028101208)
Migrating to CreateMusicGenres (20121028103736)
Migrating to CreateVerifications (20121031115832)
Migrating to AddVerifiedToUser (20121031123756)
Migrating to AddProviderToUser (20121103080535)
Migrating to AddUidToUser (20121105133415)
  [1m[35m (745.4ms)[0m  ALTER TABLE `users` ADD `uid` varchar(255)
  [1m[36m (54.5ms)[0m  [1mINSERT INTO `schema_migrations` (`version`) VALUES ('20121105133415')[0m
  [1m[35m (0.3ms)[0m  SELECT `schema_migrations`.`version` FROM `schema_migrations` 
Connecting to database specified by database.yml
